08:29:01 **** Build of configuration Debug for project hello ****
make all 
'Building file: ../main.c'
'Invoking: GCC C Compiler 4 [arm-linux-gnueabihf]'
arm-linux-gnueabihf-gcc -O0 -g -Wall -c -fmessage-length=0 -MMD -MP -MF"main.d" -MT"main.o" -o "main.o" "../main.c"
'Finished building: ../main.c'
' '
'Building target: hello'
'Invoking: GCC C Linker 4 [arm-linux-gnueabihf]'
arm-linux-gnueabihf-gcc  -o "hello"  ./main.o   
d:/intelfpga/18.1/embedded/ds-5/sw/gcc/bin/../arm-linux-gnueabihf/libc/usr/lib/arm-linux-gnueabihf/crt1.o: In function `_start':
:(.text+0x28): undefined reference to `main'
collect2.exe: error: ld returned 1 exit status
make: *** [makefile:31: hello] Error 1
08:29:55 **** Incremental Build of configuration Debug for project hello ****
make all 
'Building target: hello'
'Invoking: GCC C Linker 4 [arm-linux-gnueabihf]'
arm-linux-gnueabihf-gcc  -o "hello"  ./main.o   
d:/intelfpga/18.1/embedded/ds-5/sw/gcc/bin/../arm-linux-gnueabihf/libc/usr/lib/arm-linux-gnueabihf/crt1.o: In function `_start':
:(.text+0x28): undefined reference to `main'
collect2.exe: error: ld returned 1 exit status
make: *** [makefile:31: hello] Error 1
08:30:27 **** Incremental Build of configuration Debug for project hello ****
make all 
'Building file: ../main.c'
'Invoking: GCC C Compiler 4 [arm-linux-gnueabihf]'
arm-linux-gnueabihf-gcc -O0 -g -Wall -c -fmessage-length=0 -MMD -MP -MF"main.d" -MT"main.o" -o "main.o" "../main.c"
'Finished building: ../main.c'
' '
'Building target: hello'
'Invoking: GCC C Linker 4 [arm-linux-gnueabihf]'
arm-linux-gnueabihf-gcc  -o "hello"  ./main.o   
'Finished building target: hello'
' '
