18:57:30 **** Incremental Build of configuration Debug for project hello ****
make all 
'Building file: ../main.c'
'Invoking: GCC C Compiler 4 [arm-linux-gnueabihf]'
arm-linux-gnueabihf-gcc -I"D:\intelFPGA\18.1\embedded\ip\altera\hps\altera_hps\hwlib\include" -I"D:\intelFPGA\18.1\embedded\ip\altera\hps\altera_hps\hwlib\include\soc_cv_av" -I"E:\DE1-SoC\FPGA_HPS\DE1_SoC_GHRD\software_project\hello\inc" -O0 -g -Wall -c -fmessage-length=0 -MMD -MP -MF"main.d" -MT"main.o" -o "main.o" "../main.c"
In file included from ../main.c:29:0:
E:\DE1-SoC\FPGA_HPS\DE1_SoC_GHRD\software_project\hello\inc/../inc/led.h:14:1: warning: parameter names (without types) in function declaration [enabled by default]
 void LED_OFF(viod);
 ^
../main.c: In function 'main':
../main.c:48:2: warning: passing argument 1 of 'fpga_init' from incompatible pointer type [enabled by default]
  fd = fpga_init(&virtual_base);
  ^
In file included from ../main.c:28:0:
E:\DE1-SoC\FPGA_HPS\DE1_SoC_GHRD\software_project\hello\inc/../inc/mpu.h:19:5: note: expected 'long int *' but argument is of type 'int *'
 int fpga_init(long int *virtual_base);
     ^
../main.c:133:2: warning: passing argument 1 of 'munmap' makes pointer from integer without a cast [enabled by default]
  if (munmap(virtual_base, HW_REGS_SPAN) != 0) {
  ^
In file included from ../main.c:12:0:
d:\intelfpga\18.1\embedded\ds-5\sw\gcc\arm-linux-gnueabihf\libc\usr\include\sys\mman.h:76:12: note: expected 'void *' but argument is of type 'int'
 extern int munmap (void *__addr, size_t __len) __THROW;
            ^
'Finished building: ../main.c'
' '
'Building target: hello'
'Invoking: GCC C Linker 4 [arm-linux-gnueabihf]'
arm-linux-gnueabihf-gcc  -o "hello"  ./src/button.o ./src/led.o ./src/mpu.o  ./main.o   
'Finished building target: hello'
' '

18:57:31 Build Finished (took 1s.14ms)

